<?xml version="1.0" encoding="UTF-8"?>
<!-- Generated by org.testng.reporters.JUnitReportReporter -->
<testsuite hostname="selenium19" failures="2" tests="2" name="runners.ParellelExecution" time="15.058" errors="0" timestamp="2024-12-25T17:03:05 IST" skipped="0">
  <testcase classname="runners.ParellelExecution" name="runScenario" time="7.345">
    <failure message="expected [Selenium Tutorial - Google Search] but found [https://www.google.com/search?q=Selenium+Tutorial&amp;sca_esv=03d858904e6ab433&amp;source=hp&amp;ei=au1rZ_TBHZ2OseMPocql4QM&amp;iflsig=AL9hbdgAAAAAZ2v7ekB9PR9v2I851vGeUPPcFBaXlWSX&amp;sei=bO1rZ_6XA9fb4-EPyqyxkAM]" type="java.lang.AssertionError">
      <![CDATA[java.lang.AssertionError: expected [Selenium Tutorial - Google Search] but found [https://www.google.com/search?q=Selenium+Tutorial&sca_esv=03d858904e6ab433&source=hp&ei=au1rZ_TBHZ2OseMPocql4QM&iflsig=AL9hbdgAAAAAZ2v7ekB9PR9v2I851vGeUPPcFBaXlWSX&sei=bO1rZ_6XA9fb4-EPyqyxkAM]
at org.testng.Assert.fail(Assert.java:99)
at org.testng.Assert.failNotEquals(Assert.java:1037)
at org.testng.Assert.assertEqualsImpl(Assert.java:140)
at org.testng.Assert.assertEquals(Assert.java:122)
at org.testng.Assert.assertEquals(Assert.java:629)
at org.testng.Assert.assertEquals(Assert.java:639)
at stepDefs.GooglePageStepDef.should_display_the_selenium_result_page(GooglePageStepDef.java:38)
at ✽.Should display the Selenium result Page(file:///C:/workspace/Monika/BDDPOMCucumber/src/test/resources/feature/GooglePageSearch.feature:7)
]]>
    </failure>
  </testcase> <!-- runScenario -->
  <system-out/>
  <testcase classname="runners.ParellelExecution" name="runScenario" time="7.713">
    <failure message="expected [Java Tutorial - Google Search Page] but found [Java Tutorial - Google Search]" type="java.lang.AssertionError">
      <![CDATA[java.lang.AssertionError: expected [Java Tutorial - Google Search Page] but found [Java Tutorial - Google Search]
at org.testng.Assert.fail(Assert.java:99)
at org.testng.Assert.failNotEquals(Assert.java:1037)
at org.testng.Assert.assertEqualsImpl(Assert.java:140)
at org.testng.Assert.assertEquals(Assert.java:122)
at org.testng.Assert.assertEquals(Assert.java:629)
at org.testng.Assert.assertEquals(Assert.java:639)
at stepDefs.GooglePageStepDef.should_display_the_java_result_page(GooglePageStepDef.java:50)
at ✽.Should display the java result Page(file:///C:/workspace/Monika/BDDPOMCucumber/src/test/resources/feature/GooglePageSearch.feature:13)
]]>
    </failure>
  </testcase> <!-- runScenario -->
  <system-out/>
</testsuite> <!-- runners.ParellelExecution -->
